<?xml version="1.0" encoding="UTF-8" ?>
<testsuite errors="3" failures="0" hostname="Craudio" name="Classes.FornecedorDAOTest" skipped="2" tests="9" time="0.398" timestamp="2016-10-04T02:08:55">
  <properties>
[...]
</properties>
  <testcase classname="Classes.FornecedorDAOTest" name="fornecedorDAOadicionaErros" time="0.214" />
  <testcase classname="Classes.FornecedorDAOTest" name="fornecedorDAOadicionaExcecaoNullPointer" time="0.014">
    <error message="Unexpected exception, expected&lt;java.lang.NullPointerException&gt; but was&lt;java.lang.RuntimeException&gt;" type="java.lang.Exception">java.lang.Exception: Unexpected exception, expected&lt;java.lang.NullPointerException&gt; but was&lt;java.lang.RuntimeException&gt;
Caused by: java.lang.RuntimeException: java.sql.SQLException: Access denied for user &apos;root&apos;@&apos;localhost&apos; (using password: YES)
	at DAOclasses.ConnectionFactory.getConnection(ConnectionFactory.java:15)
	at DAOclasses.FornecedorDAO.&lt;init&gt;(FornecedorDAO.java:26)
	at Classes.FornecedorDAOTest.fornecedorDAOadicionaExcecaoNullPointer(FornecedorDAOTest.java:32)
Caused by: java.sql.SQLException: Access denied for user &apos;root&apos;@&apos;localhost&apos; (using password: YES)
	at com.mysql.jdbc.SQLError.createSQLException(SQLError.java:1074)
	at com.mysql.jdbc.MysqlIO.checkErrorPacket(MysqlIO.java:4120)
	at com.mysql.jdbc.MysqlIO.checkErrorPacket(MysqlIO.java:4052)
	at com.mysql.jdbc.MysqlIO.checkErrorPacket(MysqlIO.java:925)
	at com.mysql.jdbc.MysqlIO.proceedHandshakeWithPluggableAuthentication(MysqlIO.java:1704)
	at com.mysql.jdbc.MysqlIO.doHandshake(MysqlIO.java:1250)
	at com.mysql.jdbc.ConnectionImpl.coreConnect(ConnectionImpl.java:2465)
	at com.mysql.jdbc.ConnectionImpl.connectOneTryOnly(ConnectionImpl.java:2498)
	at com.mysql.jdbc.ConnectionImpl.createNewIO(ConnectionImpl.java:2283)
	at com.mysql.jdbc.ConnectionImpl.&lt;init&gt;(ConnectionImpl.java:822)
	at com.mysql.jdbc.JDBC4Connection.&lt;init&gt;(JDBC4Connection.java:47)
	at java.lang.reflect.Constructor.newInstance(Constructor.java:423)
	at com.mysql.jdbc.Util.handleNewInstance(Util.java:411)
	at com.mysql.jdbc.ConnectionImpl.getInstance(ConnectionImpl.java:404)
	at com.mysql.jdbc.NonRegisteringDriver.connect(NonRegisteringDriver.java:317)
	at java.sql.DriverManager.getConnection(DriverManager.java:664)
	at java.sql.DriverManager.getConnection(DriverManager.java:247)
	at DAOclasses.ConnectionFactory.getConnection(ConnectionFactory.java:11)
</error>
  </testcase>
  <testcase classname="Classes.FornecedorDAOTest" name="fornecedorDAOadicionaSucesso" time="0.009">
    <error message="java.sql.SQLException: Access denied for user &apos;root&apos;@&apos;localhost&apos; (using password: YES)" type="java.lang.RuntimeException">java.lang.RuntimeException: java.sql.SQLException: Access denied for user &apos;root&apos;@&apos;localhost&apos; (using password: YES)
	at DAOclasses.ConnectionFactory.getConnection(ConnectionFactory.java:15)
	at DAOclasses.FornecedorDAO.&lt;init&gt;(FornecedorDAO.java:26)
	at Classes.FornecedorDAOTest.fornecedorDAOadicionaSucesso(FornecedorDAOTest.java:54)
Caused by: java.sql.SQLException: Access denied for user &apos;root&apos;@&apos;localhost&apos; (using password: YES)
	at com.mysql.jdbc.SQLError.createSQLException(SQLError.java:1074)
	at com.mysql.jdbc.MysqlIO.checkErrorPacket(MysqlIO.java:4120)
	at com.mysql.jdbc.MysqlIO.checkErrorPacket(MysqlIO.java:4052)
	at com.mysql.jdbc.MysqlIO.checkErrorPacket(MysqlIO.java:925)
	at com.mysql.jdbc.MysqlIO.proceedHandshakeWithPluggableAuthentication(MysqlIO.java:1704)
	at com.mysql.jdbc.MysqlIO.doHandshake(MysqlIO.java:1250)
	at com.mysql.jdbc.ConnectionImpl.coreConnect(ConnectionImpl.java:2465)
	at com.mysql.jdbc.ConnectionImpl.connectOneTryOnly(ConnectionImpl.java:2498)
	at com.mysql.jdbc.ConnectionImpl.createNewIO(ConnectionImpl.java:2283)
	at com.mysql.jdbc.ConnectionImpl.&lt;init&gt;(ConnectionImpl.java:822)
	at com.mysql.jdbc.JDBC4Connection.&lt;init&gt;(JDBC4Connection.java:47)
	at java.lang.reflect.Constructor.newInstance(Constructor.java:423)
	at com.mysql.jdbc.Util.handleNewInstance(Util.java:411)
	at com.mysql.jdbc.ConnectionImpl.getInstance(ConnectionImpl.java:404)
	at com.mysql.jdbc.NonRegisteringDriver.connect(NonRegisteringDriver.java:317)
	at java.sql.DriverManager.getConnection(DriverManager.java:664)
	at java.sql.DriverManager.getConnection(DriverManager.java:247)
	at DAOclasses.ConnectionFactory.getConnection(ConnectionFactory.java:11)
</error>
  </testcase>
  <testcase classname="Classes.FornecedorDAOTest" name="fornecedorDAOadicionaStackTreeVazia" time="0.026" />
  <testcase classname="Classes.FornecedorDAOTest" name="fornecedorDAOlistaErros" time="0.012" />
  <testcase classname="Classes.FornecedorDAOTest" name="fornecedorDAOalteraSucesso" time="0.0">
    <skipped />
  </testcase>
  <testcase classname="Classes.FornecedorDAOTest" name="verificarExcecaoConexaoFornecedorDAOConnectionFactory" time="0.017" />
  <testcase classname="Classes.FornecedorDAOTest" name="fornecedorDAOlista" time="0.036">
    <error message="java.sql.SQLException: Access denied for user &apos;root&apos;@&apos;localhost&apos; (using password: YES)" type="java.lang.RuntimeException">java.lang.RuntimeException: java.sql.SQLException: Access denied for user &apos;root&apos;@&apos;localhost&apos; (using password: YES)
	at DAOclasses.ConnectionFactory.getConnection(ConnectionFactory.java:15)
	at DAOclasses.FornecedorDAO.&lt;init&gt;(FornecedorDAO.java:26)
	at Classes.FornecedorDAOTest.fornecedorDAOlista(FornecedorDAOTest.java:119)
Caused by: java.sql.SQLException: Access denied for user &apos;root&apos;@&apos;localhost&apos; (using password: YES)
	at com.mysql.jdbc.SQLError.createSQLException(SQLError.java:1074)
	at com.mysql.jdbc.MysqlIO.checkErrorPacket(MysqlIO.java:4120)
	at com.mysql.jdbc.MysqlIO.checkErrorPacket(MysqlIO.java:4052)
	at com.mysql.jdbc.MysqlIO.checkErrorPacket(MysqlIO.java:925)
	at com.mysql.jdbc.MysqlIO.proceedHandshakeWithPluggableAuthentication(MysqlIO.java:1704)
	at com.mysql.jdbc.MysqlIO.doHandshake(MysqlIO.java:1250)
	at com.mysql.jdbc.ConnectionImpl.coreConnect(ConnectionImpl.java:2465)
	at com.mysql.jdbc.ConnectionImpl.connectOneTryOnly(ConnectionImpl.java:2498)
	at com.mysql.jdbc.ConnectionImpl.createNewIO(ConnectionImpl.java:2283)
	at com.mysql.jdbc.ConnectionImpl.&lt;init&gt;(ConnectionImpl.java:822)
	at com.mysql.jdbc.JDBC4Connection.&lt;init&gt;(JDBC4Connection.java:47)
	at java.lang.reflect.Constructor.newInstance(Constructor.java:423)
	at com.mysql.jdbc.Util.handleNewInstance(Util.java:411)
	at com.mysql.jdbc.ConnectionImpl.getInstance(ConnectionImpl.java:404)
	at com.mysql.jdbc.NonRegisteringDriver.connect(NonRegisteringDriver.java:317)
	at java.sql.DriverManager.getConnection(DriverManager.java:664)
	at java.sql.DriverManager.getConnection(DriverManager.java:247)
	at DAOclasses.ConnectionFactory.getConnection(ConnectionFactory.java:11)
</error>
  </testcase>
  <testcase classname="Classes.FornecedorDAOTest" name="fornecedorDAOalteraErros" time="0.0">
    <skipped />
  </testcase>
  <system-out><![CDATA[]]></system-out>
  <system-err><![CDATA[]]></system-err>
</testsuite>
